Drill report for D:/tmp/ergodox/ErgoDoxTW2/ErgoDoxTW.kicad_pcb
Created on 2019/9/12 上午 01:17:13

Copper Layer Stackup:
    =============================================================
    L1 :  Front                     front
    L2 :  Back                      back


Drill file 'ErgoDoxTW.drl' contains
    plated through holes:
    =============================================================
    T1  0.51mm  0.020"  (15 holes)
    T2  0.60mm  0.024"  (4 holes)  (with 4 slots)
    T3  0.80mm  0.031"  (16 holes)
    T4  0.90mm  0.035"  (6 holes)
    T5  0.99mm  0.039"  (86 holes)
    T6  1.09mm  0.043"  (1 hole)
    T7  1.09mm  0.043"  (54 holes)  (with 2 slots)
    T8  1.50mm  0.059"  (152 holes)
    T9  2.10mm  0.083"  (1 hole)

    Total plated holes count 335


Not plated through holes are merged with plated holes
    unplated through holes:
    =============================================================
    T10  0.65mm  0.026"  (2 holes)
    T11  0.99mm  0.039"  (2 holes)
    T12  1.09mm  0.043"  (3 holes)
    T13  1.70mm  0.067"  (76 holes)
    T14  2.10mm  0.083"  (8 holes)
    T15  3.00mm  0.118"  (152 holes)
    T16  3.05mm  0.120"  (4 holes)
    T17  3.99mm  0.157"  (42 holes)

    Total unplated holes count 289
